2

S 0 _ -> S _ > 0 >
S 1 _ -> S _ > 1 >
S o _ -> S _ > _ ^
S a _ -> & _ > _ <

& 0 0 -> S _ > 0 >
& 0 1 -> S _ > 0 >
& 1 0 -> S _ > 0 >
& 1 1 -> S _ > 1 >


S ( _ -> S _ > ( >
S ) _ -> result_is_0 _ ^ _ <
S _ _ -> result_is_0 _ ^ _ <

result_is_0 _ 0 -> result_is_0 _ ^ _ <
result_is_0 _ 1 -> result_is_1 _ ^ _ <
result_is_0 _ ( -> S _ > 0 >
result_is_0 _ _ -> AC 0 ^ _ ^

result_is_1 _ 0 -> result_is_1 _ ^ _ <
result_is_1 _ 1 -> result_is_1 _ ^ _ <
result_is_1 _ ( -> S _ > 1 >
result_is_1 _ _ -> AC 1 ^ _ ^

& ( 0 -> x&(...) _ ^ 0 >
& ( 1 -> x&(...) _ ^ 1 >

x&(...) _ _ -> S _ > [ >

result_is_0 _ [ -> x&0 _ ^ _ <
result_is_1 _ [ -> x&1 _ ^ _ <

x&0 _ 0 -> S _ > 0 >
x&0 _ 1 -> S _ > 0 >

x&1 _ 0 -> S _ > 0 >
x&1 _ 1 -> S _ > 1 >